<?xml version="1.0" encoding="UTF-8" ?>
<testsuites disabled="0" errors="0" failures="2" tests="3" time="16.165">
 <testsuite name="new App" timestamp="2020-03-01T20:30:25" hostname="localhost" time="16.165" errors="0" tests="3" skipped="0" disabled="0" failures="2">
  <testcase classname="new App" name="Has MapConU as the Title " time="10.666" />
  <testcase classname="new App" name="Should toggle Campuses when selected at top of the UI" time="4.304">
   <failure type="exception" message="Failed: element click intercepted: Element &lt;ion-item _ngcontent-dwm-c2=&quot;&quot; id=&quot;campus-change&quot; class=&quot;item md ion-activatable ion-focusable hydrated item-interactive item-select item-has-placeholder item-has-value ion-pristine ion-valid ion-touched&quot;&gt;...&lt;/ion-item&gt; is not clickable at point (1022, 31). Other element would receive the click: &lt;ion-backdrop class=&quot;sc-ion-popover-md md hydrated&quot; tabindex=&quot;-1&quot;&gt;&lt;/ion-backdrop&gt;
  (Session info: headless chrome=80.0.3987.0)
  (Driver info: chromedriver=80.0.3987.106 (f68069574609230cf9b635cd784cfb1bf81bb53a-refs/branch-heads/3987@{#882}),platform=Windows NT 10.0.17763 x86_64)"><![CDATA[WebDriverError: element click intercepted: Element <ion-item _ngcontent-dwm-c2="" id="campus-change" class="item md ion-activatable ion-focusable hydrated item-interactive item-select item-has-placeholder item-has-value ion-pristine ion-valid ion-touched">...</ion-item> is not clickable at point (1022, 31). Other element would receive the click: <ion-backdrop class="sc-ion-popover-md md hydrated" tabindex="-1"></ion-backdrop>
  (Session info: headless chrome=80.0.3987.0)
  (Driver info: chromedriver=80.0.3987.106 (f68069574609230cf9b635cd784cfb1bf81bb53a-refs/branch-heads/3987@{#882}),platform=Windows NT 10.0.17763 x86_64)
    at Object.checkLegacyResponse (C:\Users\gwend\MapConU\node_modules\selenium-webdriver\lib\error.js:546:15)
    at parseHttpResponse (C:\Users\gwend\MapConU\node_modules\selenium-webdriver\lib\http.js:509:13)
    at doSend.then.response (C:\Users\gwend\MapConU\node_modules\selenium-webdriver\lib\http.js:441:30)
    at process._tickCallback (internal/process/next_tick.js:68:7)
From: Task: WebElement.click()
    at Driver.schedule (C:\Users\gwend\MapConU\node_modules\selenium-webdriver\lib\webdriver.js:807:17)
    at WebElement.schedule_ (C:\Users\gwend\MapConU\node_modules\selenium-webdriver\lib\webdriver.js:2010:25)
    at WebElement.click (C:\Users\gwend\MapConU\node_modules\selenium-webdriver\lib\webdriver.js:2092:17)
    at actionFn (C:\Users\gwend\MapConU\node_modules\protractor\built\element.js:89:44)
    at Array.map (<anonymous>)
    at actionResults.getWebElements.then (C:\Users\gwend\MapConU\node_modules\protractor\built\element.js:461:65)
    at ManagedPromise.invokeCallback_ (C:\Users\gwend\MapConU\node_modules\selenium-webdriver\lib\promise.js:1376:14)
    at TaskQueue.execute_ (C:\Users\gwend\MapConU\node_modules\selenium-webdriver\lib\promise.js:3084:14)
    at TaskQueue.executeNext_ (C:\Users\gwend\MapConU\node_modules\selenium-webdriver\lib\promise.js:3067:27)
    at asyncRun (C:\Users\gwend\MapConU\node_modules\selenium-webdriver\lib\promise.js:2927:27)Error: 
    at ElementArrayFinder.applyAction_ (C:\Users\gwend\MapConU\node_modules\protractor\built\element.js:459:27)
    at ElementArrayFinder.(anonymous function).args [as click] (C:\Users\gwend\MapConU\node_modules\protractor\built\element.js:91:29)
    at ElementFinder.(anonymous function).args [as click] (C:\Users\gwend\MapConU\node_modules\protractor\built\element.js:831:22)
    at UserContext.<anonymous> (C:\Users\gwend\MapConU\e2e\src\app.e2e-spec.ts:32:163)
    at C:\Users\gwend\MapConU\node_modules\jasminewd2\index.js:112:25
    at new ManagedPromise (C:\Users\gwend\MapConU\node_modules\selenium-webdriver\lib\promise.js:1077:7)
    at ControlFlow.promise (C:\Users\gwend\MapConU\node_modules\selenium-webdriver\lib\promise.js:2505:12)
    at schedulerExecute (C:\Users\gwend\MapConU\node_modules\jasminewd2\index.js:95:18)
    at TaskQueue.execute_ (C:\Users\gwend\MapConU\node_modules\selenium-webdriver\lib\promise.js:3084:14)
    at TaskQueue.executeNext_ (C:\Users\gwend\MapConU\node_modules\selenium-webdriver\lib\promise.js:3067:27)
From: Task: Run it("Should toggle Campuses when selected at top of the UI") in control flow
    at UserContext.<anonymous> (C:\Users\gwend\MapConU\node_modules\jasminewd2\index.js:94:19)
    at attempt (C:\Users\gwend\MapConU\node_modules\jasmine\node_modules\jasmine-core\lib\jasmine-core\jasmine.js:4297:26)
    at QueueRunner.run (C:\Users\gwend\MapConU\node_modules\jasmine\node_modules\jasmine-core\lib\jasmine-core\jasmine.js:4217:20)
    at runNext (C:\Users\gwend\MapConU\node_modules\jasmine\node_modules\jasmine-core\lib\jasmine-core\jasmine.js:4257:20)
    at C:\Users\gwend\MapConU\node_modules\jasmine\node_modules\jasmine-core\lib\jasmine-core\jasmine.js:4264:13
    at C:\Users\gwend\MapConU\node_modules\jasmine\node_modules\jasmine-core\lib\jasmine-core\jasmine.js:4172:9
    at C:\Users\gwend\MapConU\node_modules\jasminewd2\index.js:64:48
    at ControlFlow.emit (C:\Users\gwend\MapConU\node_modules\selenium-webdriver\lib\events.js:62:21)
    at ControlFlow.shutdown_ (C:\Users\gwend\MapConU\node_modules\selenium-webdriver\lib\promise.js:2674:10)
    at shutdownTask_.MicroTask (C:\Users\gwend\MapConU\node_modules\selenium-webdriver\lib\promise.js:2599:53)
From asynchronous test: 
Error: 
    at Suite.<anonymous> (C:\Users\gwend\MapConU\e2e\src\app.e2e-spec.ts:15:3)
    at addSpecsToSuite (C:\Users\gwend\MapConU\node_modules\jasmine\node_modules\jasmine-core\lib\jasmine-core\jasmine.js:1107:25)
    at Env.describe (C:\Users\gwend\MapConU\node_modules\jasmine\node_modules\jasmine-core\lib\jasmine-core\jasmine.js:1074:7)
    at describe (C:\Users\gwend\MapConU\node_modules\jasmine\node_modules\jasmine-core\lib\jasmine-core\jasmine.js:4399:18)
    at Object.<anonymous> (C:\Users\gwend\MapConU\e2e\src\app.e2e-spec.ts:3:1)
    at Module._compile (internal/modules/cjs/loader.js:778:30)
    at Module.m._compile (C:\Users\gwend\MapConU\node_modules\ts-node\src\index.ts:439:23)
    at Module._extensions..js (internal/modules/cjs/loader.js:789:10)
    at Object.require.extensions.(anonymous function) [as .ts] (C:\Users\gwend\MapConU\node_modules\ts-node\src\index.ts:442:12)]]>
   </failure>
  </testcase>
  <testcase classname="new App" name="Shows Current Position Marker" time="1.193">
   <failure type="toBeTruthy" message="Expected false to be truthy."><![CDATA[Error: Failed expectation
    at UserContext.<anonymous> (C:\Users\gwend\MapConU\e2e\src\app.e2e-spec.ts:51:17)
    at C:\Users\gwend\MapConU\node_modules\jasminewd2\index.js:112:25
    at new ManagedPromise (C:\Users\gwend\MapConU\node_modules\selenium-webdriver\lib\promise.js:1077:7)
    at ControlFlow.promise (C:\Users\gwend\MapConU\node_modules\selenium-webdriver\lib\promise.js:2505:12)
    at schedulerExecute (C:\Users\gwend\MapConU\node_modules\jasminewd2\index.js:95:18)
    at TaskQueue.execute_ (C:\Users\gwend\MapConU\node_modules\selenium-webdriver\lib\promise.js:3084:14)
    at TaskQueue.executeNext_ (C:\Users\gwend\MapConU\node_modules\selenium-webdriver\lib\promise.js:3067:27)
    at asyncRun (C:\Users\gwend\MapConU\node_modules\selenium-webdriver\lib\promise.js:2974:25)
    at C:\Users\gwend\MapConU\node_modules\selenium-webdriver\lib\promise.js:668:7]]>
   </failure>
  </testcase>
 </testsuite>
</testsuites>